<?xml version="1.0" encoding="UTF-8"?>
<testng-results ignored="0" total="1" passed="1" failed="0" skipped="0">
  <reporter-output>
  </reporter-output>
  <suite started-at="2022-11-18T16:50:55 IST" name="Surefire suite" finished-at="2022-11-18T16:51:45 IST" duration-ms="49804">
    <groups>
    </groups>
    <test started-at="2022-11-18T16:50:55 IST" name="Surefire test" finished-at="2022-11-18T16:51:45 IST" duration-ms="49804">
      <class name="iDFC.IDFCTest">
        <test-method signature="m2()[pri:0, instance:iDFC.IDFCTest@7e9a5fbe]" started-at="2022-11-18T16:50:55 IST" name="m2" finished-at="2022-11-18T16:51:45 IST" duration-ms="49708" status="PASS">
          <reporter-output>
          </reporter-output>
        </test-method> <!-- m2 -->
      </class> <!-- iDFC.IDFCTest -->
    </test> <!-- Surefire test -->
  </suite> <!-- Surefire suite -->
</testng-results>
