<?xml version="1.0" encoding="UTF-8"?>
<testng-results ignored="0" total="1" passed="1" failed="0" skipped="0">
  <reporter-output>
  </reporter-output>
  <suite started-at="2022-11-18T01:15:23 IST" name="Default suite" finished-at="2022-11-18T01:15:52 IST" duration-ms="28184">
    <groups>
    </groups>
    <test started-at="2022-11-18T01:15:23 IST" name="Default test" finished-at="2022-11-18T01:15:52 IST" duration-ms="28184">
      <class name="IDFC.IDFCAUTOMATE">
        <test-method signature="m1()[pri:0, instance:IDFC.IDFCAUTOMATE@7c0c77c7]" started-at="2022-11-18T01:15:24 IST" name="m1" finished-at="2022-11-18T01:15:52 IST" duration-ms="28087" status="PASS">
          <reporter-output>
          </reporter-output>
        </test-method> <!-- m1 -->
      </class> <!-- IDFC.IDFCAUTOMATE -->
    </test> <!-- Default test -->
  </suite> <!-- Default suite -->
</testng-results>
